<?xml version="1.0" encoding="utf-8"?>
<TestRun id="a58a7448-16d3-424b-af39-0baf72d6b0fc" name="testuser@DESKTOP-QRVC9QF 2022-12-18 21:58:20" runUser="DESKTOP-QRVC9QF\testuser" xmlns="http://microsoft.com/schemas/VisualStudio/TeamTest/2010">
  <Times creation="2022-12-18T21:58:20.5022082+02:00" queuing="2022-12-18T21:58:20.5022086+02:00" start="2022-12-18T21:58:14.7526261+02:00" finish="2022-12-18T21:58:20.7153349+02:00" />
  <TestSettings name="default" id="ec7ad54f-e81c-498a-ba43-a6ba36aafe51">
    <Deployment runDeploymentRoot="testuser_DESKTOP-QRVC9QF_2022-12-18_21_58_20" />
  </TestSettings>
  <Results>
    <UnitTestResult executionId="2aecebd8-88fd-46e1-9aba-bf810ec20a63" testId="cf864cdd-a72b-9a3d-2537-54eb25bd9f96" testName="Microsoft.eShopWeb.UnitTests.ApplicationCore.Services.BasketServiceTests.TransferBasket.InvokesBasketRepositoryFirstOrDefaultAsyncOnceIfAnonymousBasketNotExists" computerName="DESKTOP-QRVC9QF" duration="00:00:00.0012863" startTime="2022-12-18T21:58:20.5802664+02:00" endTime="2022-12-18T21:58:20.5802666+02:00" testType="13cdc9d9-ddb5-4fa4-a97d-d965ccfc6d4b" outcome="Passed" testListId="8c84fa94-04c1-424b-9868-57a2d4851a1d" relativeResultsDirectory="2aecebd8-88fd-46e1-9aba-bf810ec20a63">
      <Output>
          <StdOut>
          this is some test Output
          continued
          </StdOut>
      </Output>
    </UnitTestResult>
    <UnitTestResult executionId="64d09b7c-be08-450e-8972-ec27e453c8e2" testId="72443913-5403-ad26-4838-0ae9fbf5e073" testName="Microsoft.eShopWeb.UnitTests.ApplicationCore.Services.BasketServiceTests.TransferBasket.RemovesAnonymousBasketAfterUpdatingUserBasket" computerName="DESKTOP-QRVC9QF" duration="00:00:00.0037444" startTime="2022-12-18T21:58:20.5841181+02:00" endTime="2022-12-18T21:58:20.5841185+02:00" testType="13cdc9d9-ddb5-4fa4-a97d-d965ccfc6d4b" outcome="Passed" testListId="8c84fa94-04c1-424b-9868-57a2d4851a1d" relativeResultsDirectory="64d09b7c-be08-450e-8972-ec27e453c8e2" />
    <UnitTestResult executionId="d94829c8-ba60-4696-8276-fef08453fd62" testId="cd89ce44-f749-0e1c-9ce3-7ce898040ad6" testName="Microsoft.eShopWeb.UnitTests.ApplicationCore.Specifications.CustomerOrdersWithItemsSpecification.ReturnsOrderWithOrderedItem" computerName="DESKTOP-QRVC9QF" duration="00:00:00.0005745" startTime="2022-12-18T21:58:20.4977742+02:00" endTime="2022-12-18T21:58:20.4977743+02:00" testType="13cdc9d9-ddb5-4fa4-a97d-d965ccfc6d4b" outcome="Passed" testListId="8c84fa94-04c1-424b-9868-57a2d4851a1d" relativeResultsDirectory="d94829c8-ba60-4696-8276-fef08453fd62" />
    <UnitTestResult executionId="61b7a66e-6095-4a57-8385-75e9c98e32ec" testId="1daacc2d-6ec7-e84d-70fa-9614bc70d236" testName="Microsoft.eShopWeb.UnitTests.ApplicationCore.Specifications.BasketWithItems.MatchesNoBasketsIfBasketIdNotPresent" computerName="DESKTOP-QRVC9QF" duration="00:00:00.0046054" startTime="2022-12-18T21:58:20.5371748+02:00" endTime="2022-12-18T21:58:20.5371750+02:00" testType="13cdc9d9-ddb5-4fa4-a97d-d965ccfc6d4b" outcome="Passed" testListId="8c84fa94-04c1-424b-9868-57a2d4851a1d" relativeResultsDirectory="61b7a66e-6095-4a57-8385-75e9c98e32ec" />
    <UnitTestResult executionId="eea31111-53be-4f27-8f40-88ad5a61b0d2" testId="79979c84-840c-c42e-5fdf-d26f44c0d9f4" testName="Microsoft.eShopWeb.UnitTests.ApplicationCore.Entities.BasketTests.BasketAddItem.KeepsOriginalUnitPriceIfMoreItemsAdded" computerName="DESKTOP-QRVC9QF" duration="00:00:00.0001749" startTime="2022-12-18T21:58:20.4938593+02:00" endTime="2022-12-18T21:58:20.4938593+02:00" testType="13cdc9d9-ddb5-4fa4-a97d-d965ccfc6d4b" outcome="Passed" testListId="8c84fa94-04c1-424b-9868-57a2d4851a1d" relativeResultsDirectory="eea31111-53be-4f27-8f40-88ad5a61b0d2" />
    <UnitTestResult executionId="a00929a8-1476-4e05-b235-62c724944d27" testId="9b0da45c-854e-e694-b852-ec17be2ae643" testName="Microsoft.eShopWeb.UnitTests.ApplicationCore.Entities.BasketTests.BasketRemoveEmptyItems.RemovesEmptyBasketItems" computerName="DESKTOP-QRVC9QF" duration="00:00:00.0005722" startTime="2022-12-18T21:58:20.4744423+02:00" endTime="2022-12-18T21:58:20.4744424+02:00" testType="13cdc9d9-ddb5-4fa4-a97d-d965ccfc6d4b" outcome="Passed" testListId="8c84fa94-04c1-424b-9868-57a2d4851a1d" relativeResultsDirectory="a00929a8-1476-4e05-b235-62c724944d27" />
    <UnitTestResult executionId="b43d2bed-aa6d-42d2-91cb-7f383081ba1d" testId="46e1704b-ee49-4ca1-7ec2-26aaca69f44a" testName="Microsoft.eShopWeb.UnitTests.MediatorHandlers.OrdersTests.GetMyOrders.NotReturnNullIfOrdersArePresIent" computerName="DESKTOP-QRVC9QF" duration="00:00:00.1089587" startTime="2022-12-18T21:58:20.5705062+02:00" endTime="2022-12-18T21:58:20.5705065+02:00" testType="13cdc9d9-ddb5-4fa4-a97d-d965ccfc6d4b" outcome="Passed" testListId="8c84fa94-04c1-424b-9868-57a2d4851a1d" relativeResultsDirectory="b43d2bed-aa6d-42d2-91cb-7f383081ba1d" />
    <UnitTestResult executionId="9808a239-a373-4636-b3dd-63e6e6269e4a" testId="8174b6f6-80ed-26fd-fcc1-2b203d2877d1" testName="Microsoft.eShopWeb.UnitTests.Web.Extensions.CacheHelpersTests.GenerateTypesCacheKey.ReturnsTypesCacheKey" computerName="DESKTOP-QRVC9QF" duration="00:00:00.0018208" startTime="2022-12-18T21:58:20.4745069+02:00" endTime="2022-12-18T21:58:20.4745070+02:00" testType="13cdc9d9-ddb5-4fa4-a97d-d965ccfc6d4b" outcome="Passed" testListId="8c84fa94-04c1-424b-9868-57a2d4851a1d" relativeResultsDirectory="9808a239-a373-4636-b3dd-63e6e6269e4a" />
    <UnitTestResult executionId="d65e4cc7-c6d9-4123-873b-b8a3d8b748a9" testId="6206ccea-5ab0-4699-f8e5-4ff2d77aa296" testName="Microsoft.eShopWeb.UnitTests.ApplicationCore.Entities.OrderTests.OrderTotal.IsCorrectGiven3Items" computerName="DESKTOP-QRVC9QF" duration="00:00:00.0003060" startTime="2022-12-18T21:58:20.4605120+02:00" endTime="2022-12-18T21:58:20.4605121+02:00" testType="13cdc9d9-ddb5-4fa4-a97d-d965ccfc6d4b" outcome="Passed" testListId="8c84fa94-04c1-424b-9868-57a2d4851a1d" relativeResultsDirectory="d65e4cc7-c6d9-4123-873b-b8a3d8b748a9" />
    <UnitTestResult executionId="c88d9caa-7166-4177-8c8e-dcddb75fa75c" testId="8e2d6fc3-584d-5555-509c-50bd954b4850" testName="Microsoft.eShopWeb.UnitTests.ApplicationCore.Entities.BasketTests.BasketAddItem.CantAddItemWithNegativeQuantity" computerName="DESKTOP-QRVC9QF" duration="00:00:00.0002492" startTime="2022-12-18T21:58:20.4933661+02:00" endTime="2022-12-18T21:58:20.4933663+02:00" testType="13cdc9d9-ddb5-4fa4-a97d-d965ccfc6d4b" outcome="Passed" testListId="8c84fa94-04c1-424b-9868-57a2d4851a1d" relativeResultsDirectory="c88d9caa-7166-4177-8c8e-dcddb75fa75c" />
    <UnitTestResult executionId="671610ae-9a58-4b3b-b66c-d15e4a6b7798" testId="1f23e6a0-7ba4-f24f-383d-c48ac93f941b" testName="Microsoft.eShopWeb.UnitTests.ApplicationCore.Specifications.CatalogFilterSpecification.MatchesExpectedNumberOfItems(brandId: 2, typeId: null, expectedCount: 2)" computerName="DESKTOP-QRVC9QF" duration="00:00:00.0260721" startTime="2022-12-18T21:58:20.4746181+02:00" endTime="2022-12-18T21:58:20.4746181+02:00" testType="13cdc9d9-ddb5-4fa4-a97d-d965ccfc6d4b" outcome="Passed" testListId="8c84fa94-04c1-424b-9868-57a2d4851a1d" relativeResultsDirectory="671610ae-9a58-4b3b-b66c-d15e4a6b7798" />
    <UnitTestResult executionId="aa52ab25-d829-4181-bd81-bc512b05f992" testId="1cf81a3c-cfc1-079b-5747-0ec84c028de6" testName="Microsoft.eShopWeb.UnitTests.ApplicationCore.Specifications.BasketWithItems.MatchesBasketWithGivenBuyerId" computerName="DESKTOP-QRVC9QF" duration="00:00:00.0713222" startTime="2022-12-18T21:58:20.5325025+02:00" endTime="2022-12-18T21:58:20.5325028+02:00" testType="13cdc9d9-ddb5-4fa4-a97d-d965ccfc6d4b" outcome="Passed" testListId="8c84fa94-04c1-424b-9868-57a2d4851a1d" relativeResultsDirectory="aa52ab25-d829-4181-bd81-bc512b05f992" />
    <UnitTestResult executionId="c0db2ae9-2ebb-44bc-8843-344c0896456b" testId="5d996689-e787-2364-6001-79ba4dfe0975" testName="Microsoft.eShopWeb.UnitTests.ApplicationCore.Extensions.JsonExtensions.CorrectlyDeserializesJson(json: &quot;{ \&quot;id\&quot;: 3124, \&quot;name\&quot;: \&quot;Test Value 1\&quot; }&quot;, expectedId: 3124, expectedName: &quot;Test Value 1&quot;)" computerName="DESKTOP-QRVC9QF" duration="00:00:00.0001151" startTime="2022-12-18T21:58:20.4786139+02:00" endTime="2022-12-18T21:58:20.4786139+02:00" testType="13cdc9d9-ddb5-4fa4-a97d-d965ccfc6d4b" outcome="Passed" testListId="8c84fa94-04c1-424b-9868-57a2d4851a1d" relativeResultsDirectory="c0db2ae9-2ebb-44bc-8843-344c0896456b" />
    <UnitTestResult executionId="34bfdcce-010f-4e24-bb6a-60a373341b33" testId="a52bb89f-7cc4-6a69-a2d8-eb556c5ed89a" testName="Microsoft.eShopWeb.UnitTests.ApplicationCore.Services.BasketServiceTests.TransferBasket.TransferAnonymousBasketItemsWhilePreservingExistingUserBasketItems" computerName="DESKTOP-QRVC9QF" duration="00:00:00.1437218" startTime="2022-12-18T21:58:20.5728355+02:00" endTime="2022-12-18T21:58:20.5728358+02:00" testType="13cdc9d9-ddb5-4fa4-a97d-d965ccfc6d4b" outcome="Passed" testListId="8c84fa94-04c1-424b-9868-57a2d4851a1d" relativeResultsDirectory="34bfdcce-010f-4e24-bb6a-60a373341b33" />
    <UnitTestResult executionId="9f5e5e0b-5810-49dd-a217-a921b9b6ccb6" testId="e5fe95db-7d39-5ca7-a37e-c5267d799e35" testName="Microsoft.eShopWeb.UnitTests.ApplicationCore.Specifications.CatalogFilterSpecification.MatchesExpectedNumberOfItems(brandId: null, typeId: 1, expectedCount: 2)" computerName="DESKTOP-QRVC9QF" duration="00:00:00.0007544" startTime="2022-12-18T21:58:20.4766843+02:00" endTime="2022-12-18T21:58:20.4766844+02:00" testType="13cdc9d9-ddb5-4fa4-a97d-d965ccfc6d4b" outcome="Passed" testListId="8c84fa94-04c1-424b-9868-57a2d4851a1d" relativeResultsDirectory="9f5e5e0b-5810-49dd-a217-a921b9b6ccb6" />
    <UnitTestResult executionId="0f912b0c-caab-43d5-8676-3e55c67d5e71" testId="616b4056-ddbd-1e5d-495a-5ba583f3a226" testName="Microsoft.eShopWeb.UnitTests.ApplicationCore.Entities.BasketTests.BasketAddItem.CantModifyQuantityToNegativeNumber" computerName="DESKTOP-QRVC9QF" duration="00:00:00.0005481" startTime="2022-12-18T21:58:20.4930495+02:00" endTime="2022-12-18T21:58:20.4930496+02:00" testType="13cdc9d9-ddb5-4fa4-a97d-d965ccfc6d4b" outcome="Passed" testListId="8c84fa94-04c1-424b-9868-57a2d4851a1d" relativeResultsDirectory="0f912b0c-caab-43d5-8676-3e55c67d5e71" />
    <UnitTestResult executionId="009c5c91-b03d-4e72-b6ec-f2f3c9d8ab92" testId="fa6d0187-df2c-7cd2-457c-26df9c2d8af7" testName="Microsoft.eShopWeb.UnitTests.ApplicationCore.Specifications.CatalogFilterSpecification.MatchesExpectedNumberOfItems(brandId: null, typeId: 3, expectedCount: 1)" computerName="DESKTOP-QRVC9QF" duration="00:00:00.0006348" startTime="2022-12-18T21:58:20.4767955+02:00" endTime="2022-12-18T21:58:20.4767956+02:00" testType="13cdc9d9-ddb5-4fa4-a97d-d965ccfc6d4b" outcome="Passed" testListId="8c84fa94-04c1-424b-9868-57a2d4851a1d" relativeResultsDirectory="009c5c91-b03d-4e72-b6ec-f2f3c9d8ab92" />
    <UnitTestResult executionId="fd9b3f2b-d2b8-426a-b774-e039ccf85383" testId="ccaa32e5-0143-a6df-fa32-2a02b972ae62" testName="Microsoft.eShopWeb.UnitTests.Web.Extensions.CacheHelpersTests.GenerateBrandsCacheKey.ReturnsBrandsCacheKey" computerName="DESKTOP-QRVC9QF" duration="00:00:00.0001317" startTime="2022-12-18T21:58:20.4923674+02:00" endTime="2022-12-18T21:58:20.4923675+02:00" testType="13cdc9d9-ddb5-4fa4-a97d-d965ccfc6d4b" outcome="Passed" testListId="8c84fa94-04c1-424b-9868-57a2d4851a1d" relativeResultsDirectory="fd9b3f2b-d2b8-426a-b774-e039ccf85383" />
    <UnitTestResult executionId="855ac988-5d15-4ad0-8fdc-12ae69babec3" testId="6dd4e6f5-18c8-4a68-839a-b7ec93940764" testName="Microsoft.eShopWeb.UnitTests.ApplicationCore.Specifications.CatalogFilterPaginatedSpecification.Returns2CatalogItemsWithSameBrandAndTypeId" computerName="DESKTOP-QRVC9QF" duration="00:00:00.0262323" startTime="2022-12-18T21:58:20.4746536+02:00" endTime="2022-12-18T21:58:20.4746537+02:00" testType="13cdc9d9-ddb5-4fa4-a97d-d965ccfc6d4b" outcome="Passed" testListId="8c84fa94-04c1-424b-9868-57a2d4851a1d" relativeResultsDirectory="855ac988-5d15-4ad0-8fdc-12ae69babec3" />
    <UnitTestResult executionId="43d9ee69-9353-463e-939c-6d9fd09f1052" testId="385eba87-3774-4e25-cfb8-8eb494cad33d" testName="Microsoft.eShopWeb.UnitTests.ApplicationCore.Specifications.CatalogFilterSpecification.MatchesExpectedNumberOfItems(brandId: 1, typeId: 3, expectedCount: 1)" computerName="DESKTOP-QRVC9QF" duration="00:00:00.0006863" startTime="2022-12-18T21:58:20.4769399+02:00" endTime="2022-12-18T21:58:20.4769399+02:00" testType="13cdc9d9-ddb5-4fa4-a97d-d965ccfc6d4b" outcome="Passed" testListId="8c84fa94-04c1-424b-9868-57a2d4851a1d" relativeResultsDirectory="43d9ee69-9353-463e-939c-6d9fd09f1052" />
    <UnitTestResult executionId="967fb14a-3dbc-4b19-a806-fdd578e0f23f" testId="e0a1c8e7-f68a-2cf8-7e14-db8e5476ff08" testName="Microsoft.eShopWeb.UnitTests.ApplicationCore.Services.BasketServiceTests.TransferBasket.CreatesNewUserBasketIfNotExists" computerName="DESKTOP-QRVC9QF" duration="00:00:00.0059968" startTime="2022-12-18T21:58:20.5789182+02:00" endTime="2022-12-18T21:58:20.5789185+02:00" testType="13cdc9d9-ddb5-4fa4-a97d-d965ccfc6d4b" outcome="Passed" testListId="8c84fa94-04c1-424b-9868-57a2d4851a1d" relativeResultsDirectory="967fb14a-3dbc-4b19-a806-fdd578e0f23f" />
    <UnitTestResult executionId="db8effc2-5922-4c79-bf91-4e7afc74eed9" testId="2448f295-536e-207a-0358-8db926bd1068" testName="Microsoft.eShopWeb.UnitTests.ApplicationCore.Services.BasketServiceTests.DeleteBasket.ShouldInvokeBasketRepositoryDeleteAsyncOnce" computerName="DESKTOP-QRVC9QF" duration="00:00:00.1427096" startTime="2022-12-18T21:58:20.5718348+02:00" endTime="2022-12-18T21:58:20.5718352+02:00" testType="13cdc9d9-ddb5-4fa4-a97d-d965ccfc6d4b" outcome="Passed" testListId="8c84fa94-04c1-424b-9868-57a2d4851a1d" relativeResultsDirectory="db8effc2-5922-4c79-bf91-4e7afc74eed9" />
    <UnitTestResult executionId="549a3257-6c55-490e-b0dc-c137dbac4f46" testId="84798de8-0293-5c61-0f8f-dd5c64a0a32d" testName="Microsoft.eShopWeb.UnitTests.ApplicationCore.Entities.BasketTests.BasketTotalItems.ReturnsTotalQuantityWithOneItem" computerName="DESKTOP-QRVC9QF" duration="00:00:00.0082273" startTime="2022-12-18T21:58:20.4592898+02:00" endTime="2022-12-18T21:58:20.4592899+02:00" testType="13cdc9d9-ddb5-4fa4-a97d-d965ccfc6d4b" outcome="Passed" testListId="8c84fa94-04c1-424b-9868-57a2d4851a1d" relativeResultsDirectory="549a3257-6c55-490e-b0dc-c137dbac4f46" />
    <UnitTestResult executionId="70802196-52f1-4548-b50f-dc7421c95572" testId="677a9c80-ebe7-3a8a-b4b7-d0a505c0604a" testName="Microsoft.eShopWeb.UnitTests.ApplicationCore.Specifications.CatalogFilterSpecification.MatchesExpectedNumberOfItems(brandId: null, typeId: null, expectedCount: 5)" computerName="DESKTOP-QRVC9QF" duration="00:00:00.0006920" startTime="2022-12-18T21:58:20.4768690+02:00" endTime="2022-12-18T21:58:20.4768691+02:00" testType="13cdc9d9-ddb5-4fa4-a97d-d965ccfc6d4b" outcome="Passed" testListId="8c84fa94-04c1-424b-9868-57a2d4851a1d" relativeResultsDirectory="70802196-52f1-4548-b50f-dc7421c95572" />
    <UnitTestResult executionId="c14a0225-f48a-4e4d-9c88-27174511b8dc" testId="8c9e1224-108a-0a36-56ae-4ccc9f15f109" testName="Microsoft.eShopWeb.UnitTests.ApplicationCore.Entities.BasketTests.BasketAddItem.AddsBasketItemIfNotPresent" computerName="DESKTOP-QRVC9QF" duration="00:00:00.0002575" startTime="2022-12-18T21:58:20.4936515+02:00" endTime="2022-12-18T21:58:20.4936516+02:00" testType="13cdc9d9-ddb5-4fa4-a97d-d965ccfc6d4b" outcome="Passed" testListId="8c84fa94-04c1-424b-9868-57a2d4851a1d" relativeResultsDirectory="c14a0225-f48a-4e4d-9c88-27174511b8dc" />
    <UnitTestResult executionId="5d28530a-bbe8-4417-a3b3-66e1293321a2" testId="0cbb9ef2-017c-05d3-5097-5a77b4b5796c" testName="Microsoft.eShopWeb.UnitTests.ApplicationCore.Specifications.CatalogFilterPaginatedSpecification.ReturnsAllCatalogItems" computerName="DESKTOP-QRVC9QF" duration="00:00:00.0009410" startTime="2022-12-18T21:58:20.4767386+02:00" endTime="2022-12-18T21:58:20.4767387+02:00" testType="13cdc9d9-ddb5-4fa4-a97d-d965ccfc6d4b" outcome="Passed" testListId="8c84fa94-04c1-424b-9868-57a2d4851a1d" relativeResultsDirectory="5d28530a-bbe8-4417-a3b3-66e1293321a2" />
    <UnitTestResult executionId="71aa064d-272b-4fa6-8300-abef6d28aac1" testId="8a697d61-d867-500a-1274-5e30e1aa2c14" testName="Microsoft.eShopWeb.UnitTests.ApplicationCore.Entities.OrderTests.OrderTotal.IsZeroForNewOrder" computerName="DESKTOP-QRVC9QF" duration="00:00:00.0113396" startTime="2022-12-18T21:58:20.4546956+02:00" endTime="2022-12-18T21:58:20.4547333+02:00" testType="13cdc9d9-ddb5-4fa4-a97d-d965ccfc6d4b" outcome="Passed" testListId="8c84fa94-04c1-424b-9868-57a2d4851a1d" relativeResultsDirectory="71aa064d-272b-4fa6-8300-abef6d28aac1" />
    <UnitTestResult executionId="ac47ffbd-f72c-40fc-af10-98b3b0364309" testId="5c835b47-0387-7203-f4d1-329b7b5384d4" testName="Microsoft.eShopWeb.UnitTests.ApplicationCore.Extensions.JsonExtensions.CorrectlySerializesAndDeserializesObject" computerName="DESKTOP-QRVC9QF" duration="00:00:00.0137013" startTime="2022-12-18T21:58:20.4920563+02:00" endTime="2022-12-18T21:58:20.4920570+02:00" testType="13cdc9d9-ddb5-4fa4-a97d-d965ccfc6d4b" outcome="Passed" testListId="8c84fa94-04c1-424b-9868-57a2d4851a1d" relativeResultsDirectory="ac47ffbd-f72c-40fc-af10-98b3b0364309" />
    <UnitTestResult executionId="66eb0c3b-7bfa-400e-9368-5d5715ac3d02" testId="6b3a7082-717e-c426-a6b1-d0e9ac900019" testName="Microsoft.eShopWeb.UnitTests.ApplicationCore.Specifications.CustomerOrdersWithItemsSpecification.ReturnsAllOrderWithAllOrderedItem" computerName="DESKTOP-QRVC9QF" duration="00:00:00.0028371" startTime="2022-12-18T21:58:20.4971602+02:00" endTime="2022-12-18T21:58:20.4971605+02:00" testType="13cdc9d9-ddb5-4fa4-a97d-d965ccfc6d4b" outcome="Passed" testListId="8c84fa94-04c1-424b-9868-57a2d4851a1d" relativeResultsDirectory="66eb0c3b-7bfa-400e-9368-5d5715ac3d02" />
    <UnitTestResult executionId="80f2a723-2d0b-4614-8ef0-b642cdbeddef" testId="082ac2ff-07be-7ee9-ba9b-7a7258e89c99" testName="Microsoft.eShopWeb.UnitTests.ApplicationCore.Specifications.CatalogFilterSpecification.MatchesExpectedNumberOfItems(brandId: 1, typeId: null, expectedCount: 3)" computerName="DESKTOP-QRVC9QF" duration="00:00:00.0006908" startTime="2022-12-18T21:58:20.4769045+02:00" endTime="2022-12-18T21:58:20.4769046+02:00" testType="13cdc9d9-ddb5-4fa4-a97d-d965ccfc6d4b" outcome="Passed" testListId="8c84fa94-04c1-424b-9868-57a2d4851a1d" relativeResultsDirectory="80f2a723-2d0b-4614-8ef0-b642cdbeddef" />
    <UnitTestResult executionId="1a957bc4-7c7c-4e87-bcd4-f0ed41f2f251" testId="ae160215-e214-c67f-7415-aa33e198a82e" testName="Microsoft.eShopWeb.UnitTests.ApplicationCore.Entities.BasketTests.BasketAddItem.DefaultsToQuantityOfOne" computerName="DESKTOP-QRVC9QF" duration="00:00:00.0001125" startTime="2022-12-18T21:58:20.4940031+02:00" endTime="2022-12-18T21:58:20.4940032+02:00" testType="13cdc9d9-ddb5-4fa4-a97d-d965ccfc6d4b" outcome="Passed" testListId="8c84fa94-04c1-424b-9868-57a2d4851a1d" relativeResultsDirectory="1a957bc4-7c7c-4e87-bcd4-f0ed41f2f251" />
    <UnitTestResult executionId="2e064e12-cb72-4c52-b0de-2e3dc344c4d8" testId="582d5339-bbce-6a48-9c69-0635b72e59a4" testName="Microsoft.eShopWeb.UnitTests.ApplicationCore.Specifications.BasketWithItems.MatchesNoBasketsIfBuyerIdNotPresent" computerName="DESKTOP-QRVC9QF" duration="00:00:00.0004405" startTime="2022-12-18T21:58:20.5376752+02:00" endTime="2022-12-18T21:58:20.5376754+02:00" testType="13cdc9d9-ddb5-4fa4-a97d-d965ccfc6d4b" outcome="Passed" testListId="8c84fa94-04c1-424b-9868-57a2d4851a1d" relativeResultsDirectory="2e064e12-cb72-4c52-b0de-2e3dc344c4d8" />
    <UnitTestResult executionId="c376f0c3-8272-4403-b31a-6a9501564424" testId="56a85005-6432-19a2-0819-e66acf9ffccf" testName="Microsoft.eShopWeb.UnitTests.ApplicationCore.Specifications.CatalogItemsSpecification.MatchesSpecificCatalogItem" computerName="DESKTOP-QRVC9QF" duration="00:00:00.0018515" startTime="2022-12-18T21:58:20.5631958+02:00" endTime="2022-12-18T21:58:20.5631962+02:00" testType="13cdc9d9-ddb5-4fa4-a97d-d965ccfc6d4b" outcome="Passed" testListId="8c84fa94-04c1-424b-9868-57a2d4851a1d" relativeResultsDirectory="c376f0c3-8272-4403-b31a-6a9501564424" />
    <UnitTestResult executionId="140edb96-752f-4c99-a3dd-c82b780f9fdc" testId="567700fc-cf3c-80b5-54cc-ae91474e799f" testName="Microsoft.eShopWeb.UnitTests.Web.Extensions.CacheHelpersTests.GenerateCatalogItemCacheKey.ReturnsCatalogItemCacheKey" computerName="DESKTOP-QRVC9QF" duration="00:00:00.0027663" startTime="2022-12-18T21:58:20.4745438+02:00" endTime="2022-12-18T21:58:20.4745438+02:00" testType="13cdc9d9-ddb5-4fa4-a97d-d965ccfc6d4b" outcome="Passed" testListId="8c84fa94-04c1-424b-9868-57a2d4851a1d" relativeResultsDirectory="140edb96-752f-4c99-a3dd-c82b780f9fdc" />
    <UnitTestResult executionId="8e99ae3d-b1e4-410d-a6cc-d743e80ae254" testId="00664bba-3743-dc76-9f81-975a340b8e91" testName="Microsoft.eShopWeb.UnitTests.ApplicationCore.Specifications.BasketWithItems.MatchesBasketWithGivenBasketId" computerName="DESKTOP-QRVC9QF" duration="00:00:00.0004608" startTime="2022-12-18T21:58:20.5381709+02:00" endTime="2022-12-18T21:58:20.5381710+02:00" testType="13cdc9d9-ddb5-4fa4-a97d-d965ccfc6d4b" outcome="Passed" testListId="8c84fa94-04c1-424b-9868-57a2d4851a1d" relativeResultsDirectory="8e99ae3d-b1e4-410d-a6cc-d743e80ae254" />
    <UnitTestResult executionId="84ef93b3-4871-4b43-a659-165013c6ac01" testId="76afdb8f-7b28-1b1d-ae33-eaddf5297167" testName="Microsoft.eShopWeb.UnitTests.ApplicationCore.Extensions.JsonExtensions.CorrectlyDeserializesJson(json: &quot;{ \&quot;id\&quot;: 9, \&quot;name\&quot;: \&quot;Another test\&quot; }&quot;, expectedId: 9, expectedName: &quot;Another test&quot;)" computerName="DESKTOP-QRVC9QF" duration="00:00:00.0383640" startTime="2022-12-18T21:58:20.4781124+02:00" endTime="2022-12-18T21:58:20.4781127+02:00" testType="13cdc9d9-ddb5-4fa4-a97d-d965ccfc6d4b" outcome="Passed" testListId="8c84fa94-04c1-424b-9868-57a2d4851a1d" relativeResultsDirectory="84ef93b3-4871-4b43-a659-165013c6ac01" />
    <UnitTestResult executionId="b266be52-92a1-4fe3-85b2-0d7f1cb74d26" testId="f9c498c1-4170-e3b8-3449-651211e5a38f" testName="Microsoft.eShopWeb.UnitTests.ApplicationCore.Services.BasketServiceTests.AddItemToBasket.InvokesBasketRepositoryGetBySpecAsyncOnce" computerName="DESKTOP-QRVC9QF" duration="00:00:00.0023798" startTime="2022-12-18T21:58:20.5763037+02:00" endTime="2022-12-18T21:58:20.5763039+02:00" testType="13cdc9d9-ddb5-4fa4-a97d-d965ccfc6d4b" outcome="Passed" testListId="8c84fa94-04c1-424b-9868-57a2d4851a1d" relativeResultsDirectory="b266be52-92a1-4fe3-85b2-0d7f1cb74d26" />
    <UnitTestResult executionId="891940d8-acbd-4f8e-9589-e0b30ba679e0" testId="d3d9ffcf-88a4-5a02-d88f-063b96ecf03d" testName="Microsoft.eShopWeb.UnitTests.ApplicationCore.Specifications.CatalogItemsSpecification.MatchesAllCatalogItems" computerName="DESKTOP-QRVC9QF" duration="00:00:00.1210299" startTime="2022-12-18T21:58:20.5611386+02:00" endTime="2022-12-18T21:58:20.5611395+02:00" testType="13cdc9d9-ddb5-4fa4-a97d-d965ccfc6d4b" outcome="Passed" testListId="8c84fa94-04c1-424b-9868-57a2d4851a1d" relativeResultsDirectory="891940d8-acbd-4f8e-9589-e0b30ba679e0" />
    <UnitTestResult executionId="1e8161cd-2017-4bbd-bbf6-4588f07e622c" testId="de6ef683-9020-85e4-15de-7ee8383b3973" testName="Microsoft.eShopWeb.UnitTests.ApplicationCore.Services.BasketServiceTests.AddItemToBasket.InvokesBasketRepositoryUpdateAsyncOnce" computerName="DESKTOP-QRVC9QF" duration="00:00:00.1060457" startTime="2022-12-18T21:58:20.5737266+02:00" endTime="2022-12-18T21:58:20.5737268+02:00" testType="13cdc9d9-ddb5-4fa4-a97d-d965ccfc6d4b" outcome="Passed" testListId="8c84fa94-04c1-424b-9868-57a2d4851a1d" relativeResultsDirectory="1e8161cd-2017-4bbd-bbf6-4588f07e622c" />
    <UnitTestResult executionId="fe63e312-e002-49d3-9000-a01d7eaebe0c" testId="17322f1e-a1bc-972a-b134-e4feba609614" testName="Microsoft.eShopWeb.UnitTests.ApplicationCore.Entities.BasketTests.BasketAddItem.IncrementsQuantityOfItemIfPresent" computerName="DESKTOP-QRVC9QF" duration="00:00:00.0001128" startTime="2022-12-18T21:58:20.4941417+02:00" endTime="2022-12-18T21:58:20.4941418+02:00" testType="13cdc9d9-ddb5-4fa4-a97d-d965ccfc6d4b" outcome="Passed" testListId="8c84fa94-04c1-424b-9868-57a2d4851a1d" relativeResultsDirectory="fe63e312-e002-49d3-9000-a01d7eaebe0c" />
    <UnitTestResult executionId="2bed2097-5b92-4f78-b2fc-00985c9c2b6c" testId="20566fc0-4d83-2996-2ce9-ad2b56afbdb9" testName="Microsoft.eShopWeb.UnitTests.ApplicationCore.Entities.OrderTests.OrderTotal.IsCorrectGiven1Item" computerName="DESKTOP-QRVC9QF" duration="00:00:00.0003061" startTime="2022-12-18T21:58:20.4743061+02:00" endTime="2022-12-18T21:58:20.4743062+02:00" testType="13cdc9d9-ddb5-4fa4-a97d-d965ccfc6d4b" outcome="Passed" testListId="8c84fa94-04c1-424b-9868-57a2d4851a1d" relativeResultsDirectory="2bed2097-5b92-4f78-b2fc-00985c9c2b6c" />
    <UnitTestResult executionId="e26a7d2d-f266-46c1-9511-e6d666257919" testId="c7910bf4-89c3-8a2f-933b-9ff63611214a" testName="Microsoft.eShopWeb.UnitTests.ApplicationCore.Entities.BasketTests.BasketTotalItems.ReturnsTotalQuantityWithMultipleItems" computerName="DESKTOP-QRVC9QF" duration="00:00:00.0005172" startTime="2022-12-18T21:58:20.4741290+02:00" endTime="2022-12-18T21:58:20.4741291+02:00" testType="13cdc9d9-ddb5-4fa4-a97d-d965ccfc6d4b" outcome="Passed" testListId="8c84fa94-04c1-424b-9868-57a2d4851a1d" relativeResultsDirectory="e26a7d2d-f266-46c1-9511-e6d666257919" />
    <UnitTestResult executionId="db288c8f-594c-439a-a5f9-5e8f1c6a903c" testId="63318c4f-26e3-0be7-27ef-9e8a0af20216" testName="Microsoft.eShopWeb.UnitTests.ApplicationCore.Specifications.CatalogFilterSpecification.MatchesExpectedNumberOfItems(brandId: 2, typeId: 3, expectedCount: 0)" computerName="DESKTOP-QRVC9QF" duration="00:00:00.0006287" startTime="2022-12-18T21:58:20.4768338+02:00" endTime="2022-12-18T21:58:20.4768338+02:00" testType="13cdc9d9-ddb5-4fa4-a97d-d965ccfc6d4b" outcome="Passed" testListId="8c84fa94-04c1-424b-9868-57a2d4851a1d" relativeResultsDirectory="db288c8f-594c-439a-a5f9-5e8f1c6a903c" />
    <UnitTestResult executionId="96465e6c-7746-43db-93a6-d4d4cf2d0df9" testId="bc98ae64-67a4-0a1e-f0af-b2bffb6f7a7e" testName="Microsoft.eShopWeb.UnitTests.MediatorHandlers.OrdersTests.GetOrderDetails.NotBeNullIfOrderExists" computerName="DESKTOP-QRVC9QF" duration="00:00:00.1041923" startTime="2022-12-18T21:58:20.5749934+02:00" endTime="2022-12-18T21:58:20.5749938+02:00" testType="13cdc9d9-ddb5-4fa4-a97d-d965ccfc6d4b" outcome="Passed" testListId="8c84fa94-04c1-424b-9868-57a2d4851a1d" relativeResultsDirectory="96465e6c-7746-43db-93a6-d4d4cf2d0df9" />
  </Results>
  <TestDefinitions>
    <UnitTest name="Microsoft.eShopWeb.UnitTests.MediatorHandlers.OrdersTests.GetOrderDetails.NotBeNullIfOrderExists" storage="c:\users\testuser\files\projects\eshoponweb\tests\unittests\bin\debug\net6.0\unittests.dll" id="bc98ae64-67a4-0a1e-f0af-b2bffb6f7a7e">
      <Execution id="96465e6c-7746-43db-93a6-d4d4cf2d0df9" />
      <TestMethod codeBase="C:\Users\testuser\Files\Projects\eShopOnWeb\tests\UnitTests\bin\Debug\net6.0\UnitTests.dll" adapterTypeName="executor://xunit/VsTestRunner2/netcoreapp" className="Microsoft.eShopWeb.UnitTests.MediatorHandlers.OrdersTests.GetOrderDetails" name="NotBeNullIfOrderExists" />
    </UnitTest>
    <UnitTest name="Microsoft.eShopWeb.UnitTests.ApplicationCore.Specifications.CatalogFilterPaginatedSpecification.ReturnsAllCatalogItems" storage="c:\users\testuser\files\projects\eshoponweb\tests\unittests\bin\debug\net6.0\unittests.dll" id="0cbb9ef2-017c-05d3-5097-5a77b4b5796c">
      <Execution id="5d28530a-bbe8-4417-a3b3-66e1293321a2" />
      <TestMethod codeBase="C:\Users\testuser\Files\Projects\eShopOnWeb\tests\UnitTests\bin\Debug\net6.0\UnitTests.dll" adapterTypeName="executor://xunit/VsTestRunner2/netcoreapp" className="Microsoft.eShopWeb.UnitTests.ApplicationCore.Specifications.CatalogFilterPaginatedSpecification" name="ReturnsAllCatalogItems" />
    </UnitTest>
    <UnitTest name="Microsoft.eShopWeb.UnitTests.Web.Extensions.CacheHelpersTests.GenerateTypesCacheKey.ReturnsTypesCacheKey" storage="c:\users\testuser\files\projects\eshoponweb\tests\unittests\bin\debug\net6.0\unittests.dll" id="8174b6f6-80ed-26fd-fcc1-2b203d2877d1">
      <Execution id="9808a239-a373-4636-b3dd-63e6e6269e4a" />
      <TestMethod codeBase="C:\Users\testuser\Files\Projects\eShopOnWeb\tests\UnitTests\bin\Debug\net6.0\UnitTests.dll" adapterTypeName="executor://xunit/VsTestRunner2/netcoreapp" className="Microsoft.eShopWeb.UnitTests.Web.Extensions.CacheHelpersTests.GenerateTypesCacheKey" name="ReturnsTypesCacheKey" />
    </UnitTest>
    <UnitTest name="Microsoft.eShopWeb.UnitTests.ApplicationCore.Specifications.BasketWithItems.MatchesNoBasketsIfBasketIdNotPresent" storage="c:\users\testuser\files\projects\eshoponweb\tests\unittests\bin\debug\net6.0\unittests.dll" id="1daacc2d-6ec7-e84d-70fa-9614bc70d236">
      <Execution id="61b7a66e-6095-4a57-8385-75e9c98e32ec" />
      <TestMethod codeBase="C:\Users\testuser\Files\Projects\eShopOnWeb\tests\UnitTests\bin\Debug\net6.0\UnitTests.dll" adapterTypeName="executor://xunit/VsTestRunner2/netcoreapp" className="Microsoft.eShopWeb.UnitTests.ApplicationCore.Specifications.BasketWithItems" name="MatchesNoBasketsIfBasketIdNotPresent" />
    </UnitTest>
    <UnitTest name="Microsoft.eShopWeb.UnitTests.ApplicationCore.Entities.BasketTests.BasketTotalItems.ReturnsTotalQuantityWithOneItem" storage="c:\users\testuser\files\projects\eshoponweb\tests\unittests\bin\debug\net6.0\unittests.dll" id="84798de8-0293-5c61-0f8f-dd5c64a0a32d">
      <Execution id="549a3257-6c55-490e-b0dc-c137dbac4f46" />
      <TestMethod codeBase="C:\Users\testuser\Files\Projects\eShopOnWeb\tests\UnitTests\bin\Debug\net6.0\UnitTests.dll" adapterTypeName="executor://xunit/VsTestRunner2/netcoreapp" className="Microsoft.eShopWeb.UnitTests.ApplicationCore.Entities.BasketTests.BasketTotalItems" name="ReturnsTotalQuantityWithOneItem" />
    </UnitTest>
    <UnitTest name="Microsoft.eShopWeb.UnitTests.Web.Extensions.CacheHelpersTests.GenerateCatalogItemCacheKey.ReturnsCatalogItemCacheKey" storage="c:\users\testuser\files\projects\eshoponweb\tests\unittests\bin\debug\net6.0\unittests.dll" id="567700fc-cf3c-80b5-54cc-ae91474e799f">
      <Execution id="140edb96-752f-4c99-a3dd-c82b780f9fdc" />
      <TestMethod codeBase="C:\Users\testuser\Files\Projects\eShopOnWeb\tests\UnitTests\bin\Debug\net6.0\UnitTests.dll" adapterTypeName="executor://xunit/VsTestRunner2/netcoreapp" className="Microsoft.eShopWeb.UnitTests.Web.Extensions.CacheHelpersTests.GenerateCatalogItemCacheKey" name="ReturnsCatalogItemCacheKey" />
    </UnitTest>
    <UnitTest name="Microsoft.eShopWeb.UnitTests.ApplicationCore.Services.BasketServiceTests.TransferBasket.InvokesBasketRepositoryFirstOrDefaultAsyncOnceIfAnonymousBasketNotExists" storage="c:\users\testuser\files\projects\eshoponweb\tests\unittests\bin\debug\net6.0\unittests.dll" id="cf864cdd-a72b-9a3d-2537-54eb25bd9f96">
      <Execution id="2aecebd8-88fd-46e1-9aba-bf810ec20a63" />
      <TestMethod codeBase="C:\Users\testuser\Files\Projects\eShopOnWeb\tests\UnitTests\bin\Debug\net6.0\UnitTests.dll" adapterTypeName="executor://xunit/VsTestRunner2/netcoreapp" className="Microsoft.eShopWeb.UnitTests.ApplicationCore.Services.BasketServiceTests.TransferBasket" name="InvokesBasketRepositoryFirstOrDefaultAsyncOnceIfAnonymousBasketNotExists" />
    </UnitTest>
    <UnitTest name="Microsoft.eShopWeb.UnitTests.ApplicationCore.Entities.BasketTests.BasketAddItem.DefaultsToQuantityOfOne" storage="c:\users\testuser\files\projects\eshoponweb\tests\unittests\bin\debug\net6.0\unittests.dll" id="ae160215-e214-c67f-7415-aa33e198a82e">
      <Execution id="1a957bc4-7c7c-4e87-bcd4-f0ed41f2f251" />
      <TestMethod codeBase="C:\Users\testuser\Files\Projects\eShopOnWeb\tests\UnitTests\bin\Debug\net6.0\UnitTests.dll" adapterTypeName="executor://xunit/VsTestRunner2/netcoreapp" className="Microsoft.eShopWeb.UnitTests.ApplicationCore.Entities.BasketTests.BasketAddItem" name="DefaultsToQuantityOfOne" />
    </UnitTest>
    <UnitTest name="Microsoft.eShopWeb.UnitTests.ApplicationCore.Specifications.CatalogFilterSpecification.MatchesExpectedNumberOfItems(brandId: 2, typeId: null, expectedCount: 2)" storage="c:\users\testuser\files\projects\eshoponweb\tests\unittests\bin\debug\net6.0\unittests.dll" id="1f23e6a0-7ba4-f24f-383d-c48ac93f941b">
      <Execution id="671610ae-9a58-4b3b-b66c-d15e4a6b7798" />
      <TestMethod codeBase="C:\Users\testuser\Files\Projects\eShopOnWeb\tests\UnitTests\bin\Debug\net6.0\UnitTests.dll" adapterTypeName="executor://xunit/VsTestRunner2/netcoreapp" className="Microsoft.eShopWeb.UnitTests.ApplicationCore.Specifications.CatalogFilterSpecification" name="MatchesExpectedNumberOfItems" />
    </UnitTest>
    <UnitTest name="Microsoft.eShopWeb.UnitTests.ApplicationCore.Entities.OrderTests.OrderTotal.IsZeroForNewOrder" storage="c:\users\testuser\files\projects\eshoponweb\tests\unittests\bin\debug\net6.0\unittests.dll" id="8a697d61-d867-500a-1274-5e30e1aa2c14">
      <Execution id="71aa064d-272b-4fa6-8300-abef6d28aac1" />
      <TestMethod codeBase="C:\Users\testuser\Files\Projects\eShopOnWeb\tests\UnitTests\bin\Debug\net6.0\UnitTests.dll" adapterTypeName="executor://xunit/VsTestRunner2/netcoreapp" className="Microsoft.eShopWeb.UnitTests.ApplicationCore.Entities.OrderTests.OrderTotal" name="IsZeroForNewOrder" />
    </UnitTest>
    <UnitTest name="Microsoft.eShopWeb.UnitTests.ApplicationCore.Services.BasketServiceTests.DeleteBasket.ShouldInvokeBasketRepositoryDeleteAsyncOnce" storage="c:\users\testuser\files\projects\eshoponweb\tests\unittests\bin\debug\net6.0\unittests.dll" id="2448f295-536e-207a-0358-8db926bd1068">
      <Execution id="db8effc2-5922-4c79-bf91-4e7afc74eed9" />
      <TestMethod codeBase="C:\Users\testuser\Files\Projects\eShopOnWeb\tests\UnitTests\bin\Debug\net6.0\UnitTests.dll" adapterTypeName="executor://xunit/VsTestRunner2/netcoreapp" className="Microsoft.eShopWeb.UnitTests.ApplicationCore.Services.BasketServiceTests.DeleteBasket" name="ShouldInvokeBasketRepositoryDeleteAsyncOnce" />
    </UnitTest>
    <UnitTest name="Microsoft.eShopWeb.UnitTests.ApplicationCore.Services.BasketServiceTests.AddItemToBasket.InvokesBasketRepositoryUpdateAsyncOnce" storage="c:\users\testuser\files\projects\eshoponweb\tests\unittests\bin\debug\net6.0\unittests.dll" id="de6ef683-9020-85e4-15de-7ee8383b3973">
      <Execution id="1e8161cd-2017-4bbd-bbf6-4588f07e622c" />
      <TestMethod codeBase="C:\Users\testuser\Files\Projects\eShopOnWeb\tests\UnitTests\bin\Debug\net6.0\UnitTests.dll" adapterTypeName="executor://xunit/VsTestRunner2/netcoreapp" className="Microsoft.eShopWeb.UnitTests.ApplicationCore.Services.BasketServiceTests.AddItemToBasket" name="InvokesBasketRepositoryUpdateAsyncOnce" />
    </UnitTest>
    <UnitTest name="Microsoft.eShopWeb.UnitTests.ApplicationCore.Specifications.BasketWithItems.MatchesBasketWithGivenBuyerId" storage="c:\users\testuser\files\projects\eshoponweb\tests\unittests\bin\debug\net6.0\unittests.dll" id="1cf81a3c-cfc1-079b-5747-0ec84c028de6">
      <Execution id="aa52ab25-d829-4181-bd81-bc512b05f992" />
      <TestMethod codeBase="C:\Users\testuser\Files\Projects\eShopOnWeb\tests\UnitTests\bin\Debug\net6.0\UnitTests.dll" adapterTypeName="executor://xunit/VsTestRunner2/netcoreapp" className="Microsoft.eShopWeb.UnitTests.ApplicationCore.Specifications.BasketWithItems" name="MatchesBasketWithGivenBuyerId" />
    </UnitTest>
    <UnitTest name="Microsoft.eShopWeb.UnitTests.ApplicationCore.Extensions.JsonExtensions.CorrectlyDeserializesJson(json: &quot;{ \&quot;id\&quot;: 3124, \&quot;name\&quot;: \&quot;Test Value 1\&quot; }&quot;, expectedId: 3124, expectedName: &quot;Test Value 1&quot;)" storage="c:\users\testuser\files\projects\eshoponweb\tests\unittests\bin\debug\net6.0\unittests.dll" id="5d996689-e787-2364-6001-79ba4dfe0975">
      <Execution id="c0db2ae9-2ebb-44bc-8843-344c0896456b" />
      <TestMethod codeBase="C:\Users\testuser\Files\Projects\eShopOnWeb\tests\UnitTests\bin\Debug\net6.0\UnitTests.dll" adapterTypeName="executor://xunit/VsTestRunner2/netcoreapp" className="Microsoft.eShopWeb.UnitTests.ApplicationCore.Extensions.JsonExtensions" name="CorrectlyDeserializesJson" />
    </UnitTest>
    <UnitTest name="Microsoft.eShopWeb.UnitTests.ApplicationCore.Specifications.CatalogFilterSpecification.MatchesExpectedNumberOfItems(brandId: 1, typeId: null, expectedCount: 3)" storage="c:\users\testuser\files\projects\eshoponweb\tests\unittests\bin\debug\net6.0\unittests.dll" id="082ac2ff-07be-7ee9-ba9b-7a7258e89c99">
      <Execution id="80f2a723-2d0b-4614-8ef0-b642cdbeddef" />
      <TestMethod codeBase="C:\Users\testuser\Files\Projects\eShopOnWeb\tests\UnitTests\bin\Debug\net6.0\UnitTests.dll" adapterTypeName="executor://xunit/VsTestRunner2/netcoreapp" className="Microsoft.eShopWeb.UnitTests.ApplicationCore.Specifications.CatalogFilterSpecification" name="MatchesExpectedNumberOfItems" />
    </UnitTest>
    <UnitTest name="Microsoft.eShopWeb.UnitTests.ApplicationCore.Specifications.CatalogFilterSpecification.MatchesExpectedNumberOfItems(brandId: 1, typeId: 3, expectedCount: 1)" storage="c:\users\testuser\files\projects\eshoponweb\tests\unittests\bin\debug\net6.0\unittests.dll" id="385eba87-3774-4e25-cfb8-8eb494cad33d">
      <Execution id="43d9ee69-9353-463e-939c-6d9fd09f1052" />
      <TestMethod codeBase="C:\Users\testuser\Files\Projects\eShopOnWeb\tests\UnitTests\bin\Debug\net6.0\UnitTests.dll" adapterTypeName="executor://xunit/VsTestRunner2/netcoreapp" className="Microsoft.eShopWeb.UnitTests.ApplicationCore.Specifications.CatalogFilterSpecification" name="MatchesExpectedNumberOfItems" />
    </UnitTest>
    <UnitTest name="Microsoft.eShopWeb.UnitTests.ApplicationCore.Entities.BasketTests.BasketAddItem.CantAddItemWithNegativeQuantity" storage="c:\users\testuser\files\projects\eshoponweb\tests\unittests\bin\debug\net6.0\unittests.dll" id="8e2d6fc3-584d-5555-509c-50bd954b4850">
      <Execution id="c88d9caa-7166-4177-8c8e-dcddb75fa75c" />
      <TestMethod codeBase="C:\Users\testuser\Files\Projects\eShopOnWeb\tests\UnitTests\bin\Debug\net6.0\UnitTests.dll" adapterTypeName="executor://xunit/VsTestRunner2/netcoreapp" className="Microsoft.eShopWeb.UnitTests.ApplicationCore.Entities.BasketTests.BasketAddItem" name="CantAddItemWithNegativeQuantity" />
    </UnitTest>
    <UnitTest name="Microsoft.eShopWeb.UnitTests.ApplicationCore.Extensions.JsonExtensions.CorrectlySerializesAndDeserializesObject" storage="c:\users\testuser\files\projects\eshoponweb\tests\unittests\bin\debug\net6.0\unittests.dll" id="5c835b47-0387-7203-f4d1-329b7b5384d4">
      <Execution id="ac47ffbd-f72c-40fc-af10-98b3b0364309" />
      <TestMethod codeBase="C:\Users\testuser\Files\Projects\eShopOnWeb\tests\UnitTests\bin\Debug\net6.0\UnitTests.dll" adapterTypeName="executor://xunit/VsTestRunner2/netcoreapp" className="Microsoft.eShopWeb.UnitTests.ApplicationCore.Extensions.JsonExtensions" name="CorrectlySerializesAndDeserializesObject" />
    </UnitTest>
    <UnitTest name="Microsoft.eShopWeb.UnitTests.MediatorHandlers.OrdersTests.GetMyOrders.NotReturnNullIfOrdersArePresIent" storage="c:\users\testuser\files\projects\eshoponweb\tests\unittests\bin\debug\net6.0\unittests.dll" id="46e1704b-ee49-4ca1-7ec2-26aaca69f44a">
      <Execution id="b43d2bed-aa6d-42d2-91cb-7f383081ba1d" />
      <TestMethod codeBase="C:\Users\testuser\Files\Projects\eShopOnWeb\tests\UnitTests\bin\Debug\net6.0\UnitTests.dll" adapterTypeName="executor://xunit/VsTestRunner2/netcoreapp" className="Microsoft.eShopWeb.UnitTests.MediatorHandlers.OrdersTests.GetMyOrders" name="NotReturnNullIfOrdersArePresIent" />
    </UnitTest>
    <UnitTest name="Microsoft.eShopWeb.UnitTests.ApplicationCore.Specifications.BasketWithItems.MatchesBasketWithGivenBasketId" storage="c:\users\testuser\files\projects\eshoponweb\tests\unittests\bin\debug\net6.0\unittests.dll" id="00664bba-3743-dc76-9f81-975a340b8e91">
      <Execution id="8e99ae3d-b1e4-410d-a6cc-d743e80ae254" />
      <TestMethod codeBase="C:\Users\testuser\Files\Projects\eShopOnWeb\tests\UnitTests\bin\Debug\net6.0\UnitTests.dll" adapterTypeName="executor://xunit/VsTestRunner2/netcoreapp" className="Microsoft.eShopWeb.UnitTests.ApplicationCore.Specifications.BasketWithItems" name="MatchesBasketWithGivenBasketId" />
    </UnitTest>
    <UnitTest name="Microsoft.eShopWeb.UnitTests.ApplicationCore.Entities.BasketTests.BasketAddItem.CantModifyQuantityToNegativeNumber" storage="c:\users\testuser\files\projects\eshoponweb\tests\unittests\bin\debug\net6.0\unittests.dll" id="616b4056-ddbd-1e5d-495a-5ba583f3a226">
      <Execution id="0f912b0c-caab-43d5-8676-3e55c67d5e71" />
      <TestMethod codeBase="C:\Users\testuser\Files\Projects\eShopOnWeb\tests\UnitTests\bin\Debug\net6.0\UnitTests.dll" adapterTypeName="executor://xunit/VsTestRunner2/netcoreapp" className="Microsoft.eShopWeb.UnitTests.ApplicationCore.Entities.BasketTests.BasketAddItem" name="CantModifyQuantityToNegativeNumber" />
    </UnitTest>
    <UnitTest name="Microsoft.eShopWeb.UnitTests.ApplicationCore.Entities.BasketTests.BasketAddItem.KeepsOriginalUnitPriceIfMoreItemsAdded" storage="c:\users\testuser\files\projects\eshoponweb\tests\unittests\bin\debug\net6.0\unittests.dll" id="79979c84-840c-c42e-5fdf-d26f44c0d9f4">
      <Execution id="eea31111-53be-4f27-8f40-88ad5a61b0d2" />
      <TestMethod codeBase="C:\Users\testuser\Files\Projects\eShopOnWeb\tests\UnitTests\bin\Debug\net6.0\UnitTests.dll" adapterTypeName="executor://xunit/VsTestRunner2/netcoreapp" className="Microsoft.eShopWeb.UnitTests.ApplicationCore.Entities.BasketTests.BasketAddItem" name="KeepsOriginalUnitPriceIfMoreItemsAdded" />
    </UnitTest>
    <UnitTest name="Microsoft.eShopWeb.UnitTests.ApplicationCore.Services.BasketServiceTests.TransferBasket.RemovesAnonymousBasketAfterUpdatingUserBasket" storage="c:\users\testuser\files\projects\eshoponweb\tests\unittests\bin\debug\net6.0\unittests.dll" id="72443913-5403-ad26-4838-0ae9fbf5e073">
      <Execution id="64d09b7c-be08-450e-8972-ec27e453c8e2" />
      <TestMethod codeBase="C:\Users\testuser\Files\Projects\eShopOnWeb\tests\UnitTests\bin\Debug\net6.0\UnitTests.dll" adapterTypeName="executor://xunit/VsTestRunner2/netcoreapp" className="Microsoft.eShopWeb.UnitTests.ApplicationCore.Services.BasketServiceTests.TransferBasket" name="RemovesAnonymousBasketAfterUpdatingUserBasket" />
    </UnitTest>
    <UnitTest name="Microsoft.eShopWeb.UnitTests.ApplicationCore.Specifications.CatalogFilterPaginatedSpecification.Returns2CatalogItemsWithSameBrandAndTypeId" storage="c:\users\testuser\files\projects\eshoponweb\tests\unittests\bin\debug\net6.0\unittests.dll" id="6dd4e6f5-18c8-4a68-839a-b7ec93940764">
      <Execution id="855ac988-5d15-4ad0-8fdc-12ae69babec3" />
      <TestMethod codeBase="C:\Users\testuser\Files\Projects\eShopOnWeb\tests\UnitTests\bin\Debug\net6.0\UnitTests.dll" adapterTypeName="executor://xunit/VsTestRunner2/netcoreapp" className="Microsoft.eShopWeb.UnitTests.ApplicationCore.Specifications.CatalogFilterPaginatedSpecification" name="Returns2CatalogItemsWithSameBrandAndTypeId" />
    </UnitTest>
    <UnitTest name="Microsoft.eShopWeb.UnitTests.ApplicationCore.Specifications.CatalogFilterSpecification.MatchesExpectedNumberOfItems(brandId: null, typeId: null, expectedCount: 5)" storage="c:\users\testuser\files\projects\eshoponweb\tests\unittests\bin\debug\net6.0\unittests.dll" id="677a9c80-ebe7-3a8a-b4b7-d0a505c0604a">
      <Execution id="70802196-52f1-4548-b50f-dc7421c95572" />
      <TestMethod codeBase="C:\Users\testuser\Files\Projects\eShopOnWeb\tests\UnitTests\bin\Debug\net6.0\UnitTests.dll" adapterTypeName="executor://xunit/VsTestRunner2/netcoreapp" className="Microsoft.eShopWeb.UnitTests.ApplicationCore.Specifications.CatalogFilterSpecification" name="MatchesExpectedNumberOfItems" />
    </UnitTest>
    <UnitTest name="Microsoft.eShopWeb.UnitTests.ApplicationCore.Specifications.CatalogItemsSpecification.MatchesAllCatalogItems" storage="c:\users\testuser\files\projects\eshoponweb\tests\unittests\bin\debug\net6.0\unittests.dll" id="d3d9ffcf-88a4-5a02-d88f-063b96ecf03d">
      <Execution id="891940d8-acbd-4f8e-9589-e0b30ba679e0" />
      <TestMethod codeBase="C:\Users\testuser\Files\Projects\eShopOnWeb\tests\UnitTests\bin\Debug\net6.0\UnitTests.dll" adapterTypeName="executor://xunit/VsTestRunner2/netcoreapp" className="Microsoft.eShopWeb.UnitTests.ApplicationCore.Specifications.CatalogItemsSpecification" name="MatchesAllCatalogItems" />
    </UnitTest>
    <UnitTest name="Microsoft.eShopWeb.UnitTests.ApplicationCore.Services.BasketServiceTests.TransferBasket.TransferAnonymousBasketItemsWhilePreservingExistingUserBasketItems" storage="c:\users\testuser\files\projects\eshoponweb\tests\unittests\bin\debug\net6.0\unittests.dll" id="a52bb89f-7cc4-6a69-a2d8-eb556c5ed89a">
      <Execution id="34bfdcce-010f-4e24-bb6a-60a373341b33" />
      <TestMethod codeBase="C:\Users\testuser\Files\Projects\eShopOnWeb\tests\UnitTests\bin\Debug\net6.0\UnitTests.dll" adapterTypeName="executor://xunit/VsTestRunner2/netcoreapp" className="Microsoft.eShopWeb.UnitTests.ApplicationCore.Services.BasketServiceTests.TransferBasket" name="TransferAnonymousBasketItemsWhilePreservingExistingUserBasketItems" />
    </UnitTest>
    <UnitTest name="Microsoft.eShopWeb.UnitTests.ApplicationCore.Specifications.CustomerOrdersWithItemsSpecification.ReturnsOrderWithOrderedItem" storage="c:\users\testuser\files\projects\eshoponweb\tests\unittests\bin\debug\net6.0\unittests.dll" id="cd89ce44-f749-0e1c-9ce3-7ce898040ad6">
      <Execution id="d94829c8-ba60-4696-8276-fef08453fd62" />
      <TestMethod codeBase="C:\Users\testuser\Files\Projects\eShopOnWeb\tests\UnitTests\bin\Debug\net6.0\UnitTests.dll" adapterTypeName="executor://xunit/VsTestRunner2/netcoreapp" className="Microsoft.eShopWeb.UnitTests.ApplicationCore.Specifications.CustomerOrdersWithItemsSpecification" name="ReturnsOrderWithOrderedItem" />
    </UnitTest>
    <UnitTest name="Microsoft.eShopWeb.UnitTests.ApplicationCore.Services.BasketServiceTests.AddItemToBasket.InvokesBasketRepositoryGetBySpecAsyncOnce" storage="c:\users\testuser\files\projects\eshoponweb\tests\unittests\bin\debug\net6.0\unittests.dll" id="f9c498c1-4170-e3b8-3449-651211e5a38f">
      <Execution id="b266be52-92a1-4fe3-85b2-0d7f1cb74d26" />
      <TestMethod codeBase="C:\Users\testuser\Files\Projects\eShopOnWeb\tests\UnitTests\bin\Debug\net6.0\UnitTests.dll" adapterTypeName="executor://xunit/VsTestRunner2/netcoreapp" className="Microsoft.eShopWeb.UnitTests.ApplicationCore.Services.BasketServiceTests.AddItemToBasket" name="InvokesBasketRepositoryGetBySpecAsyncOnce" />
    </UnitTest>
    <UnitTest name="Microsoft.eShopWeb.UnitTests.ApplicationCore.Entities.BasketTests.BasketRemoveEmptyItems.RemovesEmptyBasketItems" storage="c:\users\testuser\files\projects\eshoponweb\tests\unittests\bin\debug\net6.0\unittests.dll" id="9b0da45c-854e-e694-b852-ec17be2ae643">
      <Execution id="a00929a8-1476-4e05-b235-62c724944d27" />
      <TestMethod codeBase="C:\Users\testuser\Files\Projects\eShopOnWeb\tests\UnitTests\bin\Debug\net6.0\UnitTests.dll" adapterTypeName="executor://xunit/VsTestRunner2/netcoreapp" className="Microsoft.eShopWeb.UnitTests.ApplicationCore.Entities.BasketTests.BasketRemoveEmptyItems" name="RemovesEmptyBasketItems" />
    </UnitTest>
    <UnitTest name="Microsoft.eShopWeb.UnitTests.ApplicationCore.Entities.BasketTests.BasketTotalItems.ReturnsTotalQuantityWithMultipleItems" storage="c:\users\testuser\files\projects\eshoponweb\tests\unittests\bin\debug\net6.0\unittests.dll" id="c7910bf4-89c3-8a2f-933b-9ff63611214a">
      <Execution id="e26a7d2d-f266-46c1-9511-e6d666257919" />
      <TestMethod codeBase="C:\Users\testuser\Files\Projects\eShopOnWeb\tests\UnitTests\bin\Debug\net6.0\UnitTests.dll" adapterTypeName="executor://xunit/VsTestRunner2/netcoreapp" className="Microsoft.eShopWeb.UnitTests.ApplicationCore.Entities.BasketTests.BasketTotalItems" name="ReturnsTotalQuantityWithMultipleItems" />
    </UnitTest>
    <UnitTest name="Microsoft.eShopWeb.UnitTests.Web.Extensions.CacheHelpersTests.GenerateBrandsCacheKey.ReturnsBrandsCacheKey" storage="c:\users\testuser\files\projects\eshoponweb\tests\unittests\bin\debug\net6.0\unittests.dll" id="ccaa32e5-0143-a6df-fa32-2a02b972ae62">
      <Execution id="fd9b3f2b-d2b8-426a-b774-e039ccf85383" />
      <TestMethod codeBase="C:\Users\testuser\Files\Projects\eShopOnWeb\tests\UnitTests\bin\Debug\net6.0\UnitTests.dll" adapterTypeName="executor://xunit/VsTestRunner2/netcoreapp" className="Microsoft.eShopWeb.UnitTests.Web.Extensions.CacheHelpersTests.GenerateBrandsCacheKey" name="ReturnsBrandsCacheKey" />
    </UnitTest>
    <UnitTest name="Microsoft.eShopWeb.UnitTests.ApplicationCore.Entities.OrderTests.OrderTotal.IsCorrectGiven3Items" storage="c:\users\testuser\files\projects\eshoponweb\tests\unittests\bin\debug\net6.0\unittests.dll" id="6206ccea-5ab0-4699-f8e5-4ff2d77aa296">
      <Execution id="d65e4cc7-c6d9-4123-873b-b8a3d8b748a9" />
      <TestMethod codeBase="C:\Users\testuser\Files\Projects\eShopOnWeb\tests\UnitTests\bin\Debug\net6.0\UnitTests.dll" adapterTypeName="executor://xunit/VsTestRunner2/netcoreapp" className="Microsoft.eShopWeb.UnitTests.ApplicationCore.Entities.OrderTests.OrderTotal" name="IsCorrectGiven3Items" />
    </UnitTest>
    <UnitTest name="Microsoft.eShopWeb.UnitTests.ApplicationCore.Specifications.CatalogFilterSpecification.MatchesExpectedNumberOfItems(brandId: null, typeId: 3, expectedCount: 1)" storage="c:\users\testuser\files\projects\eshoponweb\tests\unittests\bin\debug\net6.0\unittests.dll" id="fa6d0187-df2c-7cd2-457c-26df9c2d8af7">
      <Execution id="009c5c91-b03d-4e72-b6ec-f2f3c9d8ab92" />
      <TestMethod codeBase="C:\Users\testuser\Files\Projects\eShopOnWeb\tests\UnitTests\bin\Debug\net6.0\UnitTests.dll" adapterTypeName="executor://xunit/VsTestRunner2/netcoreapp" className="Microsoft.eShopWeb.UnitTests.ApplicationCore.Specifications.CatalogFilterSpecification" name="MatchesExpectedNumberOfItems" />
    </UnitTest>
    <UnitTest name="Microsoft.eShopWeb.UnitTests.ApplicationCore.Services.BasketServiceTests.TransferBasket.CreatesNewUserBasketIfNotExists" storage="c:\users\testuser\files\projects\eshoponweb\tests\unittests\bin\debug\net6.0\unittests.dll" id="e0a1c8e7-f68a-2cf8-7e14-db8e5476ff08">
      <Execution id="967fb14a-3dbc-4b19-a806-fdd578e0f23f" />
      <TestMethod codeBase="C:\Users\testuser\Files\Projects\eShopOnWeb\tests\UnitTests\bin\Debug\net6.0\UnitTests.dll" adapterTypeName="executor://xunit/VsTestRunner2/netcoreapp" className="Microsoft.eShopWeb.UnitTests.ApplicationCore.Services.BasketServiceTests.TransferBasket" name="CreatesNewUserBasketIfNotExists" />
    </UnitTest>
    <UnitTest name="Microsoft.eShopWeb.UnitTests.ApplicationCore.Entities.BasketTests.BasketAddItem.IncrementsQuantityOfItemIfPresent" storage="c:\users\testuser\files\projects\eshoponweb\tests\unittests\bin\debug\net6.0\unittests.dll" id="17322f1e-a1bc-972a-b134-e4feba609614">
      <Execution id="fe63e312-e002-49d3-9000-a01d7eaebe0c" />
      <TestMethod codeBase="C:\Users\testuser\Files\Projects\eShopOnWeb\tests\UnitTests\bin\Debug\net6.0\UnitTests.dll" adapterTypeName="executor://xunit/VsTestRunner2/netcoreapp" className="Microsoft.eShopWeb.UnitTests.ApplicationCore.Entities.BasketTests.BasketAddItem" name="IncrementsQuantityOfItemIfPresent" />
    </UnitTest>
    <UnitTest name="Microsoft.eShopWeb.UnitTests.ApplicationCore.Entities.OrderTests.OrderTotal.IsCorrectGiven1Item" storage="c:\users\testuser\files\projects\eshoponweb\tests\unittests\bin\debug\net6.0\unittests.dll" id="20566fc0-4d83-2996-2ce9-ad2b56afbdb9">
      <Execution id="2bed2097-5b92-4f78-b2fc-00985c9c2b6c" />
      <TestMethod codeBase="C:\Users\testuser\Files\Projects\eShopOnWeb\tests\UnitTests\bin\Debug\net6.0\UnitTests.dll" adapterTypeName="executor://xunit/VsTestRunner2/netcoreapp" className="Microsoft.eShopWeb.UnitTests.ApplicationCore.Entities.OrderTests.OrderTotal" name="IsCorrectGiven1Item" />
    </UnitTest>
    <UnitTest name="Microsoft.eShopWeb.UnitTests.ApplicationCore.Extensions.JsonExtensions.CorrectlyDeserializesJson(json: &quot;{ \&quot;id\&quot;: 9, \&quot;name\&quot;: \&quot;Another test\&quot; }&quot;, expectedId: 9, expectedName: &quot;Another test&quot;)" storage="c:\users\testuser\files\projects\eshoponweb\tests\unittests\bin\debug\net6.0\unittests.dll" id="76afdb8f-7b28-1b1d-ae33-eaddf5297167">
      <Execution id="84ef93b3-4871-4b43-a659-165013c6ac01" />
      <TestMethod codeBase="C:\Users\testuser\Files\Projects\eShopOnWeb\tests\UnitTests\bin\Debug\net6.0\UnitTests.dll" adapterTypeName="executor://xunit/VsTestRunner2/netcoreapp" className="Microsoft.eShopWeb.UnitTests.ApplicationCore.Extensions.JsonExtensions" name="CorrectlyDeserializesJson" />
    </UnitTest>
    <UnitTest name="Microsoft.eShopWeb.UnitTests.ApplicationCore.Specifications.CustomerOrdersWithItemsSpecification.ReturnsAllOrderWithAllOrderedItem" storage="c:\users\testuser\files\projects\eshoponweb\tests\unittests\bin\debug\net6.0\unittests.dll" id="6b3a7082-717e-c426-a6b1-d0e9ac900019">
      <Execution id="66eb0c3b-7bfa-400e-9368-5d5715ac3d02" />
      <TestMethod codeBase="C:\Users\testuser\Files\Projects\eShopOnWeb\tests\UnitTests\bin\Debug\net6.0\UnitTests.dll" adapterTypeName="executor://xunit/VsTestRunner2/netcoreapp" className="Microsoft.eShopWeb.UnitTests.ApplicationCore.Specifications.CustomerOrdersWithItemsSpecification" name="ReturnsAllOrderWithAllOrderedItem" />
    </UnitTest>
    <UnitTest name="Microsoft.eShopWeb.UnitTests.ApplicationCore.Entities.BasketTests.BasketAddItem.AddsBasketItemIfNotPresent" storage="c:\users\testuser\files\projects\eshoponweb\tests\unittests\bin\debug\net6.0\unittests.dll" id="8c9e1224-108a-0a36-56ae-4ccc9f15f109">
      <Execution id="c14a0225-f48a-4e4d-9c88-27174511b8dc" />
      <TestMethod codeBase="C:\Users\testuser\Files\Projects\eShopOnWeb\tests\UnitTests\bin\Debug\net6.0\UnitTests.dll" adapterTypeName="executor://xunit/VsTestRunner2/netcoreapp" className="Microsoft.eShopWeb.UnitTests.ApplicationCore.Entities.BasketTests.BasketAddItem" name="AddsBasketItemIfNotPresent" />
    </UnitTest>
    <UnitTest name="Microsoft.eShopWeb.UnitTests.ApplicationCore.Specifications.CatalogItemsSpecification.MatchesSpecificCatalogItem" storage="c:\users\testuser\files\projects\eshoponweb\tests\unittests\bin\debug\net6.0\unittests.dll" id="56a85005-6432-19a2-0819-e66acf9ffccf">
      <Execution id="c376f0c3-8272-4403-b31a-6a9501564424" />
      <TestMethod codeBase="C:\Users\testuser\Files\Projects\eShopOnWeb\tests\UnitTests\bin\Debug\net6.0\UnitTests.dll" adapterTypeName="executor://xunit/VsTestRunner2/netcoreapp" className="Microsoft.eShopWeb.UnitTests.ApplicationCore.Specifications.CatalogItemsSpecification" name="MatchesSpecificCatalogItem" />
    </UnitTest>
    <UnitTest name="Microsoft.eShopWeb.UnitTests.ApplicationCore.Specifications.CatalogFilterSpecification.MatchesExpectedNumberOfItems(brandId: null, typeId: 1, expectedCount: 2)" storage="c:\users\testuser\files\projects\eshoponweb\tests\unittests\bin\debug\net6.0\unittests.dll" id="e5fe95db-7d39-5ca7-a37e-c5267d799e35">
      <Execution id="9f5e5e0b-5810-49dd-a217-a921b9b6ccb6" />
      <TestMethod codeBase="C:\Users\testuser\Files\Projects\eShopOnWeb\tests\UnitTests\bin\Debug\net6.0\UnitTests.dll" adapterTypeName="executor://xunit/VsTestRunner2/netcoreapp" className="Microsoft.eShopWeb.UnitTests.ApplicationCore.Specifications.CatalogFilterSpecification" name="MatchesExpectedNumberOfItems" />
    </UnitTest>
    <UnitTest name="Microsoft.eShopWeb.UnitTests.ApplicationCore.Specifications.BasketWithItems.MatchesNoBasketsIfBuyerIdNotPresent" storage="c:\users\testuser\files\projects\eshoponweb\tests\unittests\bin\debug\net6.0\unittests.dll" id="582d5339-bbce-6a48-9c69-0635b72e59a4">
      <Execution id="2e064e12-cb72-4c52-b0de-2e3dc344c4d8" />
      <TestMethod codeBase="C:\Users\testuser\Files\Projects\eShopOnWeb\tests\UnitTests\bin\Debug\net6.0\UnitTests.dll" adapterTypeName="executor://xunit/VsTestRunner2/netcoreapp" className="Microsoft.eShopWeb.UnitTests.ApplicationCore.Specifications.BasketWithItems" name="MatchesNoBasketsIfBuyerIdNotPresent" />
    </UnitTest>
    <UnitTest name="Microsoft.eShopWeb.UnitTests.ApplicationCore.Specifications.CatalogFilterSpecification.MatchesExpectedNumberOfItems(brandId: 2, typeId: 3, expectedCount: 0)" storage="c:\users\testuser\files\projects\eshoponweb\tests\unittests\bin\debug\net6.0\unittests.dll" id="63318c4f-26e3-0be7-27ef-9e8a0af20216">
      <Execution id="db288c8f-594c-439a-a5f9-5e8f1c6a903c" />
      <TestMethod codeBase="C:\Users\testuser\Files\Projects\eShopOnWeb\tests\UnitTests\bin\Debug\net6.0\UnitTests.dll" adapterTypeName="executor://xunit/VsTestRunner2/netcoreapp" className="Microsoft.eShopWeb.UnitTests.ApplicationCore.Specifications.CatalogFilterSpecification" name="MatchesExpectedNumberOfItems" />
    </UnitTest>
  </TestDefinitions>
  <TestEntries>
    <TestEntry testId="cf864cdd-a72b-9a3d-2537-54eb25bd9f96" executionId="2aecebd8-88fd-46e1-9aba-bf810ec20a63" testListId="8c84fa94-04c1-424b-9868-57a2d4851a1d" />
    <TestEntry testId="72443913-5403-ad26-4838-0ae9fbf5e073" executionId="64d09b7c-be08-450e-8972-ec27e453c8e2" testListId="8c84fa94-04c1-424b-9868-57a2d4851a1d" />
    <TestEntry testId="cd89ce44-f749-0e1c-9ce3-7ce898040ad6" executionId="d94829c8-ba60-4696-8276-fef08453fd62" testListId="8c84fa94-04c1-424b-9868-57a2d4851a1d" />
    <TestEntry testId="1daacc2d-6ec7-e84d-70fa-9614bc70d236" executionId="61b7a66e-6095-4a57-8385-75e9c98e32ec" testListId="8c84fa94-04c1-424b-9868-57a2d4851a1d" />
    <TestEntry testId="79979c84-840c-c42e-5fdf-d26f44c0d9f4" executionId="eea31111-53be-4f27-8f40-88ad5a61b0d2" testListId="8c84fa94-04c1-424b-9868-57a2d4851a1d" />
    <TestEntry testId="9b0da45c-854e-e694-b852-ec17be2ae643" executionId="a00929a8-1476-4e05-b235-62c724944d27" testListId="8c84fa94-04c1-424b-9868-57a2d4851a1d" />
    <TestEntry testId="46e1704b-ee49-4ca1-7ec2-26aaca69f44a" executionId="b43d2bed-aa6d-42d2-91cb-7f383081ba1d" testListId="8c84fa94-04c1-424b-9868-57a2d4851a1d" />
    <TestEntry testId="8174b6f6-80ed-26fd-fcc1-2b203d2877d1" executionId="9808a239-a373-4636-b3dd-63e6e6269e4a" testListId="8c84fa94-04c1-424b-9868-57a2d4851a1d" />
    <TestEntry testId="6206ccea-5ab0-4699-f8e5-4ff2d77aa296" executionId="d65e4cc7-c6d9-4123-873b-b8a3d8b748a9" testListId="8c84fa94-04c1-424b-9868-57a2d4851a1d" />
    <TestEntry testId="8e2d6fc3-584d-5555-509c-50bd954b4850" executionId="c88d9caa-7166-4177-8c8e-dcddb75fa75c" testListId="8c84fa94-04c1-424b-9868-57a2d4851a1d" />
    <TestEntry testId="1f23e6a0-7ba4-f24f-383d-c48ac93f941b" executionId="671610ae-9a58-4b3b-b66c-d15e4a6b7798" testListId="8c84fa94-04c1-424b-9868-57a2d4851a1d" />
    <TestEntry testId="1cf81a3c-cfc1-079b-5747-0ec84c028de6" executionId="aa52ab25-d829-4181-bd81-bc512b05f992" testListId="8c84fa94-04c1-424b-9868-57a2d4851a1d" />
    <TestEntry testId="5d996689-e787-2364-6001-79ba4dfe0975" executionId="c0db2ae9-2ebb-44bc-8843-344c0896456b" testListId="8c84fa94-04c1-424b-9868-57a2d4851a1d" />
    <TestEntry testId="a52bb89f-7cc4-6a69-a2d8-eb556c5ed89a" executionId="34bfdcce-010f-4e24-bb6a-60a373341b33" testListId="8c84fa94-04c1-424b-9868-57a2d4851a1d" />
    <TestEntry testId="e5fe95db-7d39-5ca7-a37e-c5267d799e35" executionId="9f5e5e0b-5810-49dd-a217-a921b9b6ccb6" testListId="8c84fa94-04c1-424b-9868-57a2d4851a1d" />
    <TestEntry testId="616b4056-ddbd-1e5d-495a-5ba583f3a226" executionId="0f912b0c-caab-43d5-8676-3e55c67d5e71" testListId="8c84fa94-04c1-424b-9868-57a2d4851a1d" />
    <TestEntry testId="fa6d0187-df2c-7cd2-457c-26df9c2d8af7" executionId="009c5c91-b03d-4e72-b6ec-f2f3c9d8ab92" testListId="8c84fa94-04c1-424b-9868-57a2d4851a1d" />
    <TestEntry testId="ccaa32e5-0143-a6df-fa32-2a02b972ae62" executionId="fd9b3f2b-d2b8-426a-b774-e039ccf85383" testListId="8c84fa94-04c1-424b-9868-57a2d4851a1d" />
    <TestEntry testId="6dd4e6f5-18c8-4a68-839a-b7ec93940764" executionId="855ac988-5d15-4ad0-8fdc-12ae69babec3" testListId="8c84fa94-04c1-424b-9868-57a2d4851a1d" />
    <TestEntry testId="385eba87-3774-4e25-cfb8-8eb494cad33d" executionId="43d9ee69-9353-463e-939c-6d9fd09f1052" testListId="8c84fa94-04c1-424b-9868-57a2d4851a1d" />
    <TestEntry testId="e0a1c8e7-f68a-2cf8-7e14-db8e5476ff08" executionId="967fb14a-3dbc-4b19-a806-fdd578e0f23f" testListId="8c84fa94-04c1-424b-9868-57a2d4851a1d" />
    <TestEntry testId="2448f295-536e-207a-0358-8db926bd1068" executionId="db8effc2-5922-4c79-bf91-4e7afc74eed9" testListId="8c84fa94-04c1-424b-9868-57a2d4851a1d" />
    <TestEntry testId="84798de8-0293-5c61-0f8f-dd5c64a0a32d" executionId="549a3257-6c55-490e-b0dc-c137dbac4f46" testListId="8c84fa94-04c1-424b-9868-57a2d4851a1d" />
    <TestEntry testId="677a9c80-ebe7-3a8a-b4b7-d0a505c0604a" executionId="70802196-52f1-4548-b50f-dc7421c95572" testListId="8c84fa94-04c1-424b-9868-57a2d4851a1d" />
    <TestEntry testId="8c9e1224-108a-0a36-56ae-4ccc9f15f109" executionId="c14a0225-f48a-4e4d-9c88-27174511b8dc" testListId="8c84fa94-04c1-424b-9868-57a2d4851a1d" />
    <TestEntry testId="0cbb9ef2-017c-05d3-5097-5a77b4b5796c" executionId="5d28530a-bbe8-4417-a3b3-66e1293321a2" testListId="8c84fa94-04c1-424b-9868-57a2d4851a1d" />
    <TestEntry testId="8a697d61-d867-500a-1274-5e30e1aa2c14" executionId="71aa064d-272b-4fa6-8300-abef6d28aac1" testListId="8c84fa94-04c1-424b-9868-57a2d4851a1d" />
    <TestEntry testId="5c835b47-0387-7203-f4d1-329b7b5384d4" executionId="ac47ffbd-f72c-40fc-af10-98b3b0364309" testListId="8c84fa94-04c1-424b-9868-57a2d4851a1d" />
    <TestEntry testId="6b3a7082-717e-c426-a6b1-d0e9ac900019" executionId="66eb0c3b-7bfa-400e-9368-5d5715ac3d02" testListId="8c84fa94-04c1-424b-9868-57a2d4851a1d" />
    <TestEntry testId="082ac2ff-07be-7ee9-ba9b-7a7258e89c99" executionId="80f2a723-2d0b-4614-8ef0-b642cdbeddef" testListId="8c84fa94-04c1-424b-9868-57a2d4851a1d" />
    <TestEntry testId="ae160215-e214-c67f-7415-aa33e198a82e" executionId="1a957bc4-7c7c-4e87-bcd4-f0ed41f2f251" testListId="8c84fa94-04c1-424b-9868-57a2d4851a1d" />
    <TestEntry testId="582d5339-bbce-6a48-9c69-0635b72e59a4" executionId="2e064e12-cb72-4c52-b0de-2e3dc344c4d8" testListId="8c84fa94-04c1-424b-9868-57a2d4851a1d" />
    <TestEntry testId="56a85005-6432-19a2-0819-e66acf9ffccf" executionId="c376f0c3-8272-4403-b31a-6a9501564424" testListId="8c84fa94-04c1-424b-9868-57a2d4851a1d" />
    <TestEntry testId="567700fc-cf3c-80b5-54cc-ae91474e799f" executionId="140edb96-752f-4c99-a3dd-c82b780f9fdc" testListId="8c84fa94-04c1-424b-9868-57a2d4851a1d" />
    <TestEntry testId="00664bba-3743-dc76-9f81-975a340b8e91" executionId="8e99ae3d-b1e4-410d-a6cc-d743e80ae254" testListId="8c84fa94-04c1-424b-9868-57a2d4851a1d" />
    <TestEntry testId="76afdb8f-7b28-1b1d-ae33-eaddf5297167" executionId="84ef93b3-4871-4b43-a659-165013c6ac01" testListId="8c84fa94-04c1-424b-9868-57a2d4851a1d" />
    <TestEntry testId="f9c498c1-4170-e3b8-3449-651211e5a38f" executionId="b266be52-92a1-4fe3-85b2-0d7f1cb74d26" testListId="8c84fa94-04c1-424b-9868-57a2d4851a1d" />
    <TestEntry testId="d3d9ffcf-88a4-5a02-d88f-063b96ecf03d" executionId="891940d8-acbd-4f8e-9589-e0b30ba679e0" testListId="8c84fa94-04c1-424b-9868-57a2d4851a1d" />
    <TestEntry testId="de6ef683-9020-85e4-15de-7ee8383b3973" executionId="1e8161cd-2017-4bbd-bbf6-4588f07e622c" testListId="8c84fa94-04c1-424b-9868-57a2d4851a1d" />
    <TestEntry testId="17322f1e-a1bc-972a-b134-e4feba609614" executionId="fe63e312-e002-49d3-9000-a01d7eaebe0c" testListId="8c84fa94-04c1-424b-9868-57a2d4851a1d" />
    <TestEntry testId="20566fc0-4d83-2996-2ce9-ad2b56afbdb9" executionId="2bed2097-5b92-4f78-b2fc-00985c9c2b6c" testListId="8c84fa94-04c1-424b-9868-57a2d4851a1d" />
    <TestEntry testId="c7910bf4-89c3-8a2f-933b-9ff63611214a" executionId="e26a7d2d-f266-46c1-9511-e6d666257919" testListId="8c84fa94-04c1-424b-9868-57a2d4851a1d" />
    <TestEntry testId="63318c4f-26e3-0be7-27ef-9e8a0af20216" executionId="db288c8f-594c-439a-a5f9-5e8f1c6a903c" testListId="8c84fa94-04c1-424b-9868-57a2d4851a1d" />
    <TestEntry testId="bc98ae64-67a4-0a1e-f0af-b2bffb6f7a7e" executionId="96465e6c-7746-43db-93a6-d4d4cf2d0df9" testListId="8c84fa94-04c1-424b-9868-57a2d4851a1d" />
  </TestEntries>
  <TestLists>
    <TestList name="Results Not in a List" id="8c84fa94-04c1-424b-9868-57a2d4851a1d" />
    <TestList name="All Loaded Results" id="19431567-8539-422a-85d7-44ee4e166bda" />
  </TestLists>
  <ResultSummary outcome="Completed">
    <Counters total="44" executed="44" passed="44" failed="0" error="0" timeout="0" aborted="0" inconclusive="0" passedButRunAborted="0" notRunnable="0" notExecuted="0" disconnected="0" warning="0" completed="0" inProgress="0" pending="0" />
    <Output>
      <StdOut>[xUnit.net 00:00:00.00] xUnit.net VSTest Adapter v2.4.5+1caef2f33e (64-bit .NET 6.0.12)&#xD;
[xUnit.net 00:00:03.80]   Discovering: UnitTests&#xD;
[xUnit.net 00:00:04.01]   Discovered:  UnitTests&#xD;
[xUnit.net 00:00:04.01]   Starting:    UnitTests&#xD;
[xUnit.net 00:00:04.27]   Finished:    UnitTests&#xD;
</StdOut>
    </Output>
  </ResultSummary>
</TestRun>