<?xml version="1.0" encoding="utf-8"?>
<TestRun id="a58a7448-16d3-424b-af39-0baf72d6b0fc" name="testuser@DESKTOP-QRVC9QF 2022-12-18 21:58:20" runUser="DESKTOP-QRVC9QF\testuser" xmlns="http://microsoft.com/schemas/VisualStudio/TeamTest/2010">
  <Times creation="2022-12-18T21:58:20.5022082+02:00" queuing="2022-12-18T21:58:20.5022086+02:00" start="2022-12-18T21:58:14.7526261+02:00" finish="2022-12-18T21:58:20.7153349+02:00" />
  <TestSettings name="default" id="ec7ad54f-e81c-498a-ba43-a6ba36aafe51">
    <Deployment runDeploymentRoot="testuser_DESKTOP-QRVC9QF_2022-12-18_21_58_20" />
  </TestSettings>
  <TestLists>
    <TestList name="Results Not in a List" id="8c84fa94-04c1-424b-9868-57a2d4851a1d" />
    <TestList name="All Loaded Results" id="19431567-8539-422a-85d7-44ee4e166bda" />
  </TestLists>
  <ResultSummary outcome="Completed">
    <Counters total="0" executed="0" passed="0" failed="0" error="0" timeout="0" aborted="0" inconclusive="0" passedButRunAborted="0" notRunnable="0" notExecuted="0" disconnected="0" warning="0" completed="0" inProgress="0" pending="0" />
    <Output>
      <StdOut>[xUnit.net 00:00:00.00] xUnit.net VSTest Adapter v2.4.5+1caef2f33e (64-bit .NET 6.0.12)&#xD;
[xUnit.net 00:00:03.80]   Discovering: UnitTests&#xD;
[xUnit.net 00:00:04.01]   Discovered:  UnitTests&#xD;
[xUnit.net 00:00:04.01]   Starting:    UnitTests&#xD;
[xUnit.net 00:00:04.27]   Finished:    UnitTests&#xD;
</StdOut>
    </Output>
  </ResultSummary>
</TestRun>